<?xml version="1.0" encoding="UTF-8"?>
<testsuite xmlns:xsi="http://www.w3.org/2001/XMLSchema-instance" xsi:noNamespaceSchemaLocation="https://maven.apache.org/surefire/maven-surefire-plugin/xsd/surefire-test-report-3.0.xsd" version="3.0" name="TestSuite" time="42.528" tests="22" errors="0" skipped="0" failures="0">
  <properties>
    <property name="java.specification.version" value="20"/>
    <property name="sun.cpu.isalist" value="amd64"/>
    <property name="sun.jnu.encoding" value="Cp1252"/>
    <property name="java.class.path" value="C:\Users\DELL\eclipse-workspace\RestAPITestFramework1\target\test-classes;C:\Users\DELL\eclipse-workspace\RestAPITestFramework1\target\classes;C:\Users\DELL\.m2\repository\io\rest-assured\rest-assured\5.3.0\rest-assured-5.3.0.jar;C:\Users\DELL\.m2\repository\org\apache\groovy\groovy\4.0.6\groovy-4.0.6.jar;C:\Users\DELL\.m2\repository\org\apache\groovy\groovy-xml\4.0.6\groovy-xml-4.0.6.jar;C:\Users\DELL\.m2\repository\org\apache\httpcomponents\httpclient\4.5.13\httpclient-4.5.13.jar;C:\Users\DELL\.m2\repository\org\apache\httpcomponents\httpcore\4.4.13\httpcore-4.4.13.jar;C:\Users\DELL\.m2\repository\commons-logging\commons-logging\1.2\commons-logging-1.2.jar;C:\Users\DELL\.m2\repository\org\apache\httpcomponents\httpmime\4.5.13\httpmime-4.5.13.jar;C:\Users\DELL\.m2\repository\org\hamcrest\hamcrest\2.1\hamcrest-2.1.jar;C:\Users\DELL\.m2\repository\org\ccil\cowan\tagsoup\tagsoup\1.2.1\tagsoup-1.2.1.jar;C:\Users\DELL\.m2\repository\io\rest-assured\xml-path\5.3.0\xml-path-5.3.0.jar;C:\Users\DELL\.m2\repository\io\rest-assured\json-path\5.3.0\json-path-5.3.0.jar;C:\Users\DELL\.m2\repository\org\apache\groovy\groovy-json\4.0.6\groovy-json-4.0.6.jar;C:\Users\DELL\.m2\repository\io\rest-assured\rest-assured-common\5.3.0\rest-assured-common-5.3.0.jar;C:\Users\DELL\.m2\repository\com\github\scribejava\scribejava-apis\8.3.3\scribejava-apis-8.3.3.jar;C:\Users\DELL\.m2\repository\com\github\scribejava\scribejava-core\8.3.3\scribejava-core-8.3.3.jar;C:\Users\DELL\.m2\repository\com\github\scribejava\scribejava-java8\8.3.3\scribejava-java8-8.3.3.jar;C:\Users\DELL\.m2\repository\com\fasterxml\jackson\core\jackson-databind\2.14.0\jackson-databind-2.14.0.jar;C:\Users\DELL\.m2\repository\com\fasterxml\jackson\core\jackson-annotations\2.14.0\jackson-annotations-2.14.0.jar;C:\Users\DELL\.m2\repository\com\fasterxml\jackson\core\jackson-core\2.14.0\jackson-core-2.14.0.jar;C:\Users\DELL\.m2\repository\io\rest-assured\json-schema-validator\5.3.0\json-schema-validator-5.3.0.jar;C:\Users\DELL\.m2\repository\com\github\java-json-tools\json-schema-validator\2.2.14\json-schema-validator-2.2.14.jar;C:\Users\DELL\.m2\repository\com\google\guava\guava\28.2-android\guava-28.2-android.jar;C:\Users\DELL\.m2\repository\com\google\guava\failureaccess\1.0.1\failureaccess-1.0.1.jar;C:\Users\DELL\.m2\repository\com\google\guava\listenablefuture\9999.0-empty-to-avoid-conflict-with-guava\listenablefuture-9999.0-empty-to-avoid-conflict-with-guava.jar;C:\Users\DELL\.m2\repository\org\checkerframework\checker-compat-qual\2.5.5\checker-compat-qual-2.5.5.jar;C:\Users\DELL\.m2\repository\com\google\errorprone\error_prone_annotations\2.3.4\error_prone_annotations-2.3.4.jar;C:\Users\DELL\.m2\repository\com\google\j2objc\j2objc-annotations\1.3\j2objc-annotations-1.3.jar;C:\Users\DELL\.m2\repository\com\github\java-json-tools\jackson-coreutils-equivalence\1.0\jackson-coreutils-equivalence-1.0.jar;C:\Users\DELL\.m2\repository\com\github\java-json-tools\jackson-coreutils\2.0\jackson-coreutils-2.0.jar;C:\Users\DELL\.m2\repository\com\github\java-json-tools\msg-simple\1.2\msg-simple-1.2.jar;C:\Users\DELL\.m2\repository\com\github\java-json-tools\btf\1.3\btf-1.3.jar;C:\Users\DELL\.m2\repository\com\github\java-json-tools\json-schema-core\1.2.14\json-schema-core-1.2.14.jar;C:\Users\DELL\.m2\repository\com\github\java-json-tools\uri-template\0.10\uri-template-0.10.jar;C:\Users\DELL\.m2\repository\org\mozilla\rhino\1.7.7.2\rhino-1.7.7.2.jar;C:\Users\DELL\.m2\repository\com\sun\mail\mailapi\1.6.2\mailapi-1.6.2.jar;C:\Users\DELL\.m2\repository\joda-time\joda-time\2.10.5\joda-time-2.10.5.jar;C:\Users\DELL\.m2\repository\com\googlecode\libphonenumber\libphonenumber\8.11.1\libphonenumber-8.11.1.jar;C:\Users\DELL\.m2\repository\com\google\code\findbugs\jsr305\3.0.2\jsr305-3.0.2.jar;C:\Users\DELL\.m2\repository\net\sf\jopt-simple\jopt-simple\5.0.4\jopt-simple-5.0.4.jar;C:\Users\DELL\.m2\repository\org\testng\testng\7.7.1\testng-7.7.1.jar;C:\Users\DELL\.m2\repository\org\slf4j\slf4j-api\1.7.36\slf4j-api-1.7.36.jar;C:\Users\DELL\.m2\repository\com\beust\jcommander\1.82\jcommander-1.82.jar;C:\Users\DELL\.m2\repository\org\webjars\jquery\3.6.1\jquery-3.6.1.jar;C:\Users\DELL\.m2\repository\com\github\javafaker\javafaker\1.0.2\javafaker-1.0.2.jar;C:\Users\DELL\.m2\repository\org\apache\commons\commons-lang3\3.5\commons-lang3-3.5.jar;C:\Users\DELL\.m2\repository\org\yaml\snakeyaml\1.23\snakeyaml-1.23-android.jar;C:\Users\DELL\.m2\repository\com\github\mifmif\generex\1.0.2\generex-1.0.2.jar;C:\Users\DELL\.m2\repository\dk\brics\automaton\automaton\1.11-8\automaton-1.11-8.jar;C:\Users\DELL\.m2\repository\com\aventstack\extentreports\5.0.9\extentreports-5.0.9.jar;C:\Users\DELL\.m2\repository\io\reactivex\rxjava3\rxjava\3.0.4\rxjava-3.0.4.jar;C:\Users\DELL\.m2\repository\org\reactivestreams\reactive-streams\1.0.3\reactive-streams-1.0.3.jar;C:\Users\DELL\.m2\repository\org\freemarker\freemarker\2.3.30\freemarker-2.3.30.jar;C:\Users\DELL\.m2\repository\org\projectlombok\lombok\1.18.12\lombok-1.18.12.jar;C:\Users\DELL\.m2\repository\com\google\code\gson\gson\2.8.6\gson-2.8.6.jar;C:\Users\DELL\.m2\repository\org\apache\poi\poi\4.1.1\poi-4.1.1.jar;C:\Users\DELL\.m2\repository\commons-codec\commons-codec\1.13\commons-codec-1.13.jar;C:\Users\DELL\.m2\repository\org\apache\commons\commons-collections4\4.4\commons-collections4-4.4.jar;C:\Users\DELL\.m2\repository\org\apache\commons\commons-math3\3.6.1\commons-math3-3.6.1.jar;C:\Users\DELL\.m2\repository\org\apache\poi\poi-ooxml\4.1.1\poi-ooxml-4.1.1.jar;C:\Users\DELL\.m2\repository\org\apache\poi\poi-ooxml-schemas\4.1.1\poi-ooxml-schemas-4.1.1.jar;C:\Users\DELL\.m2\repository\org\apache\xmlbeans\xmlbeans\3.1.0\xmlbeans-3.1.0.jar;C:\Users\DELL\.m2\repository\org\apache\commons\commons-compress\1.19\commons-compress-1.19.jar;C:\Users\DELL\.m2\repository\com\github\virtuald\curvesapi\1.06\curvesapi-1.06.jar;C:\Users\DELL\.m2\repository\org\apache\logging\log4j\log4j-api\2.16.0\log4j-api-2.16.0.jar;C:\Users\DELL\.m2\repository\org\apache\logging\log4j\log4j-core\2.16.0\log4j-core-2.16.0.jar;"/>
    <property name="java.vm.vendor" value="Oracle Corporation"/>
    <property name="sun.arch.data.model" value="64"/>
    <property name="user.variant" value=""/>
    <property name="java.vendor.url" value="https://java.oracle.com/"/>
    <property name="user.timezone" value="Asia/Calcutta"/>
    <property name="os.name" value="Windows 10"/>
    <property name="java.vm.specification.version" value="20"/>
    <property name="sun.java.launcher" value="SUN_STANDARD"/>
    <property name="user.country" value="IN"/>
    <property name="sun.boot.library.path" value="C:\Program Files\Java\jdk-20\bin"/>
    <property name="sun.java.command" value="C:\Users\DELL\AppData\Local\Temp\surefire11005718116321263987\surefirebooter-20230413022613741_3.jar C:\Users\DELL\AppData\Local\Temp\surefire11005718116321263987 2023-04-13T02-26-13_600-jvmRun1 surefire-20230413022613741_1tmp surefire_0-20230413022613741_2tmp"/>
    <property name="jdk.debug" value="release"/>
    <property name="surefire.test.class.path" value="C:\Users\DELL\eclipse-workspace\RestAPITestFramework1\target\test-classes;C:\Users\DELL\eclipse-workspace\RestAPITestFramework1\target\classes;C:\Users\DELL\.m2\repository\io\rest-assured\rest-assured\5.3.0\rest-assured-5.3.0.jar;C:\Users\DELL\.m2\repository\org\apache\groovy\groovy\4.0.6\groovy-4.0.6.jar;C:\Users\DELL\.m2\repository\org\apache\groovy\groovy-xml\4.0.6\groovy-xml-4.0.6.jar;C:\Users\DELL\.m2\repository\org\apache\httpcomponents\httpclient\4.5.13\httpclient-4.5.13.jar;C:\Users\DELL\.m2\repository\org\apache\httpcomponents\httpcore\4.4.13\httpcore-4.4.13.jar;C:\Users\DELL\.m2\repository\commons-logging\commons-logging\1.2\commons-logging-1.2.jar;C:\Users\DELL\.m2\repository\org\apache\httpcomponents\httpmime\4.5.13\httpmime-4.5.13.jar;C:\Users\DELL\.m2\repository\org\hamcrest\hamcrest\2.1\hamcrest-2.1.jar;C:\Users\DELL\.m2\repository\org\ccil\cowan\tagsoup\tagsoup\1.2.1\tagsoup-1.2.1.jar;C:\Users\DELL\.m2\repository\io\rest-assured\xml-path\5.3.0\xml-path-5.3.0.jar;C:\Users\DELL\.m2\repository\io\rest-assured\json-path\5.3.0\json-path-5.3.0.jar;C:\Users\DELL\.m2\repository\org\apache\groovy\groovy-json\4.0.6\groovy-json-4.0.6.jar;C:\Users\DELL\.m2\repository\io\rest-assured\rest-assured-common\5.3.0\rest-assured-common-5.3.0.jar;C:\Users\DELL\.m2\repository\com\github\scribejava\scribejava-apis\8.3.3\scribejava-apis-8.3.3.jar;C:\Users\DELL\.m2\repository\com\github\scribejava\scribejava-core\8.3.3\scribejava-core-8.3.3.jar;C:\Users\DELL\.m2\repository\com\github\scribejava\scribejava-java8\8.3.3\scribejava-java8-8.3.3.jar;C:\Users\DELL\.m2\repository\com\fasterxml\jackson\core\jackson-databind\2.14.0\jackson-databind-2.14.0.jar;C:\Users\DELL\.m2\repository\com\fasterxml\jackson\core\jackson-annotations\2.14.0\jackson-annotations-2.14.0.jar;C:\Users\DELL\.m2\repository\com\fasterxml\jackson\core\jackson-core\2.14.0\jackson-core-2.14.0.jar;C:\Users\DELL\.m2\repository\io\rest-assured\json-schema-validator\5.3.0\json-schema-validator-5.3.0.jar;C:\Users\DELL\.m2\repository\com\github\java-json-tools\json-schema-validator\2.2.14\json-schema-validator-2.2.14.jar;C:\Users\DELL\.m2\repository\com\google\guava\guava\28.2-android\guava-28.2-android.jar;C:\Users\DELL\.m2\repository\com\google\guava\failureaccess\1.0.1\failureaccess-1.0.1.jar;C:\Users\DELL\.m2\repository\com\google\guava\listenablefuture\9999.0-empty-to-avoid-conflict-with-guava\listenablefuture-9999.0-empty-to-avoid-conflict-with-guava.jar;C:\Users\DELL\.m2\repository\org\checkerframework\checker-compat-qual\2.5.5\checker-compat-qual-2.5.5.jar;C:\Users\DELL\.m2\repository\com\google\errorprone\error_prone_annotations\2.3.4\error_prone_annotations-2.3.4.jar;C:\Users\DELL\.m2\repository\com\google\j2objc\j2objc-annotations\1.3\j2objc-annotations-1.3.jar;C:\Users\DELL\.m2\repository\com\github\java-json-tools\jackson-coreutils-equivalence\1.0\jackson-coreutils-equivalence-1.0.jar;C:\Users\DELL\.m2\repository\com\github\java-json-tools\jackson-coreutils\2.0\jackson-coreutils-2.0.jar;C:\Users\DELL\.m2\repository\com\github\java-json-tools\msg-simple\1.2\msg-simple-1.2.jar;C:\Users\DELL\.m2\repository\com\github\java-json-tools\btf\1.3\btf-1.3.jar;C:\Users\DELL\.m2\repository\com\github\java-json-tools\json-schema-core\1.2.14\json-schema-core-1.2.14.jar;C:\Users\DELL\.m2\repository\com\github\java-json-tools\uri-template\0.10\uri-template-0.10.jar;C:\Users\DELL\.m2\repository\org\mozilla\rhino\1.7.7.2\rhino-1.7.7.2.jar;C:\Users\DELL\.m2\repository\com\sun\mail\mailapi\1.6.2\mailapi-1.6.2.jar;C:\Users\DELL\.m2\repository\joda-time\joda-time\2.10.5\joda-time-2.10.5.jar;C:\Users\DELL\.m2\repository\com\googlecode\libphonenumber\libphonenumber\8.11.1\libphonenumber-8.11.1.jar;C:\Users\DELL\.m2\repository\com\google\code\findbugs\jsr305\3.0.2\jsr305-3.0.2.jar;C:\Users\DELL\.m2\repository\net\sf\jopt-simple\jopt-simple\5.0.4\jopt-simple-5.0.4.jar;C:\Users\DELL\.m2\repository\org\testng\testng\7.7.1\testng-7.7.1.jar;C:\Users\DELL\.m2\repository\org\slf4j\slf4j-api\1.7.36\slf4j-api-1.7.36.jar;C:\Users\DELL\.m2\repository\com\beust\jcommander\1.82\jcommander-1.82.jar;C:\Users\DELL\.m2\repository\org\webjars\jquery\3.6.1\jquery-3.6.1.jar;C:\Users\DELL\.m2\repository\com\github\javafaker\javafaker\1.0.2\javafaker-1.0.2.jar;C:\Users\DELL\.m2\repository\org\apache\commons\commons-lang3\3.5\commons-lang3-3.5.jar;C:\Users\DELL\.m2\repository\org\yaml\snakeyaml\1.23\snakeyaml-1.23-android.jar;C:\Users\DELL\.m2\repository\com\github\mifmif\generex\1.0.2\generex-1.0.2.jar;C:\Users\DELL\.m2\repository\dk\brics\automaton\automaton\1.11-8\automaton-1.11-8.jar;C:\Users\DELL\.m2\repository\com\aventstack\extentreports\5.0.9\extentreports-5.0.9.jar;C:\Users\DELL\.m2\repository\io\reactivex\rxjava3\rxjava\3.0.4\rxjava-3.0.4.jar;C:\Users\DELL\.m2\repository\org\reactivestreams\reactive-streams\1.0.3\reactive-streams-1.0.3.jar;C:\Users\DELL\.m2\repository\org\freemarker\freemarker\2.3.30\freemarker-2.3.30.jar;C:\Users\DELL\.m2\repository\org\projectlombok\lombok\1.18.12\lombok-1.18.12.jar;C:\Users\DELL\.m2\repository\com\google\code\gson\gson\2.8.6\gson-2.8.6.jar;C:\Users\DELL\.m2\repository\org\apache\poi\poi\4.1.1\poi-4.1.1.jar;C:\Users\DELL\.m2\repository\commons-codec\commons-codec\1.13\commons-codec-1.13.jar;C:\Users\DELL\.m2\repository\org\apache\commons\commons-collections4\4.4\commons-collections4-4.4.jar;C:\Users\DELL\.m2\repository\org\apache\commons\commons-math3\3.6.1\commons-math3-3.6.1.jar;C:\Users\DELL\.m2\repository\org\apache\poi\poi-ooxml\4.1.1\poi-ooxml-4.1.1.jar;C:\Users\DELL\.m2\repository\org\apache\poi\poi-ooxml-schemas\4.1.1\poi-ooxml-schemas-4.1.1.jar;C:\Users\DELL\.m2\repository\org\apache\xmlbeans\xmlbeans\3.1.0\xmlbeans-3.1.0.jar;C:\Users\DELL\.m2\repository\org\apache\commons\commons-compress\1.19\commons-compress-1.19.jar;C:\Users\DELL\.m2\repository\com\github\virtuald\curvesapi\1.06\curvesapi-1.06.jar;C:\Users\DELL\.m2\repository\org\apache\logging\log4j\log4j-api\2.16.0\log4j-api-2.16.0.jar;C:\Users\DELL\.m2\repository\org\apache\logging\log4j\log4j-core\2.16.0\log4j-core-2.16.0.jar;"/>
    <property name="sun.cpu.endian" value="little"/>
    <property name="user.home" value="C:\Users\DELL"/>
    <property name="user.language" value="en"/>
    <property name="java.specification.vendor" value="Oracle Corporation"/>
    <property name="java.version.date" value="2023-03-21"/>
    <property name="java.home" value="C:\Program Files\Java\jdk-20"/>
    <property name="file.separator" value="\"/>
    <property name="basedir" value="C:\Users\DELL\eclipse-workspace\RestAPITestFramework1"/>
    <property name="java.vm.compressedOopsMode" value="32-bit"/>
    <property name="line.separator" value="&#10;"/>
    <property name="java.vm.specification.vendor" value="Oracle Corporation"/>
    <property name="java.specification.name" value="Java Platform API Specification"/>
    <property name="surefire.real.class.path" value="C:\Users\DELL\AppData\Local\Temp\surefire11005718116321263987\surefirebooter-20230413022613741_3.jar"/>
    <property name="user.script" value=""/>
    <property name="sun.management.compiler" value="HotSpot 64-Bit Tiered Compilers"/>
    <property name="java.runtime.version" value="20+36-2344"/>
    <property name="user.name" value="DELL"/>
    <property name="stdout.encoding" value="Cp1252"/>
    <property name="path.separator" value=";"/>
    <property name="os.version" value="10.0"/>
    <property name="java.runtime.name" value="Java(TM) SE Runtime Environment"/>
    <property name="file.encoding" value="UTF-8"/>
    <property name="java.vm.name" value="Java HotSpot(TM) 64-Bit Server VM"/>
    <property name="localRepository" value="C:\Users\DELL\.m2\repository"/>
    <property name="java.vendor.url.bug" value="https://bugreport.java.com/bugreport/"/>
    <property name="java.io.tmpdir" value="C:\Users\DELL\AppData\Local\Temp\"/>
    <property name="java.version" value="20"/>
    <property name="user.dir" value="C:\Users\DELL\eclipse-workspace\RestAPITestFramework1"/>
    <property name="os.arch" value="amd64"/>
    <property name="java.vm.specification.name" value="Java Virtual Machine Specification"/>
    <property name="sun.os.patch.level" value=""/>
    <property name="native.encoding" value="Cp1252"/>
    <property name="java.library.path" value="C:\Program Files\Java\jdk-20\bin;C:\Windows\Sun\Java\bin;C:\Windows\system32;C:\Windows;C:\Program Files\Common Files\Oracle\Java\javapath;C:\Windows\system32;C:\Windows;C:\Windows\System32\Wbem;C:\Windows\System32\WindowsPowerShell\v1.0\;C:\Windows\System32\OpenSSH\;C:\Program Files\Git\cmd;C:\Program Files\Docker\Docker\resources\bin;C:\apache-maven-3.9.1\bin;C:\Program Files\Java\jdk-20\bin;C:\Users\DELL\AppData\Local\Microsoft\WindowsApps;C:\Program Files\JetBrains\IntelliJ IDEA 2022.3.2\bin;."/>
    <property name="java.vm.info" value="mixed mode, sharing"/>
    <property name="stderr.encoding" value="Cp1252"/>
    <property name="java.vendor" value="Oracle Corporation"/>
    <property name="java.vm.version" value="20+36-2344"/>
    <property name="sun.io.unicode.encoding" value="UnicodeLittle"/>
    <property name="java.class.version" value="64.0"/>
  </properties>
  <testcase name="testPostUser" classname="api.test.UserTest" time="3.565">
    <system-out><![CDATA[HTTP/1.1 200 OK
Date: Wed, 12 Apr 2023 20:56:19 GMT
Content-Type: application/json
Transfer-Encoding: chunked
Connection: keep-alive
Access-Control-Allow-Origin: *
Access-Control-Allow-Methods: GET, POST, DELETE, PUT
Access-Control-Allow-Headers: Content-Type, api_key, Authorization
Server: Jetty(9.2.9.v20150224)

{
    "code": 200,
    "type": "unknown",
    "message": "1062635358"
}
]]></system-out>
    <system-err><![CDATA[SLF4J: Failed to load class "org.slf4j.impl.StaticLoggerBinder".
SLF4J: Defaulting to no-operation (NOP) logger implementation
SLF4J: See http://www.slf4j.org/codes.html#StaticLoggerBinder for further details.
]]></system-err>
  </testcase>
  <testcase name="testGetUser" classname="api.test.UserTest" time="1.095">
    <system-out><![CDATA[HTTP/1.1 200 OK
Date: Wed, 12 Apr 2023 20:56:20 GMT
Content-Type: application/json
Transfer-Encoding: chunked
Connection: keep-alive
Access-Control-Allow-Origin: *
Access-Control-Allow-Methods: GET, POST, DELETE, PUT
Access-Control-Allow-Headers: Content-Type, api_key, Authorization
Server: Jetty(9.2.9.v20150224)

{
    "id": 1062635358,
    "username": "constance.hyatt",
    "firstName": "Tory",
    "lastName": "Block",
    "email": "shawn.hilpert@example.com",
    "password": "l7eqr",
    "phone": "1-926-938-6144",
    "userStatus": 0
}
]]></system-out>
  </testcase>
  <testcase name="testPutUser" classname="api.test.UserTest" time="2.083">
    <system-out><![CDATA[HTTP/1.1 200 OK
Date: Wed, 12 Apr 2023 20:56:21 GMT
Content-Type: application/json
Transfer-Encoding: chunked
Connection: keep-alive
Access-Control-Allow-Origin: *
Access-Control-Allow-Methods: GET, POST, DELETE, PUT
Access-Control-Allow-Headers: Content-Type, api_key, Authorization
Server: Jetty(9.2.9.v20150224)

{
    "code": 200,
    "type": "unknown",
    "message": "1062635358"
}
HTTP/1.1 200 OK
Date: Wed, 12 Apr 2023 20:56:22 GMT
Content-Type: application/json
Transfer-Encoding: chunked
Connection: keep-alive
Access-Control-Allow-Origin: *
Access-Control-Allow-Methods: GET, POST, DELETE, PUT
Access-Control-Allow-Headers: Content-Type, api_key, Authorization
Server: Jetty(9.2.9.v20150224)

{
    "id": 1062635358,
    "username": "constance.hyatt",
    "firstName": "Bruno",
    "lastName": "Huel",
    "email": "shawn.hilpert@example.com",
    "password": "l7eqr",
    "phone": "1-926-938-6144",
    "userStatus": 0
}
]]></system-out>
  </testcase>
  <testcase name="testDeleteUser" classname="api.test.UserTest" time="1.075">
    <system-out><![CDATA[HTTP/1.1 200 OK
Date: Wed, 12 Apr 2023 20:56:23 GMT
Content-Type: application/json
Transfer-Encoding: chunked
Connection: keep-alive
Access-Control-Allow-Origin: *
Access-Control-Allow-Methods: GET, POST, DELETE, PUT
Access-Control-Allow-Headers: Content-Type, api_key, Authorization
Server: Jetty(9.2.9.v20150224)

{
    "code": 200,
    "type": "unknown",
    "message": "constance.hyatt"
}
]]></system-out>
  </testcase>
  <testcase name="testDeleteUserDD[testeruser1](1)" classname="api.test.DataDrivenTest" time="1.144">
    <system-out><![CDATA[HTTP/1.1 200 OK
Date: Wed, 12 Apr 2023 20:56:26 GMT
Content-Type: application/json
Transfer-Encoding: chunked
Connection: keep-alive
Access-Control-Allow-Origin: *
Access-Control-Allow-Methods: GET, POST, DELETE, PUT
Access-Control-Allow-Headers: Content-Type, api_key, Authorization
Server: Jetty(9.2.9.v20150224)

{
    "code": 200,
    "type": "unknown",
    "message": "testeruser1"
}
]]></system-out>
  </testcase>
  <testcase name="testDeleteUserDD[testeruser2](2)" classname="api.test.DataDrivenTest" time="1.079">
    <system-out><![CDATA[HTTP/1.1 200 OK
Date: Wed, 12 Apr 2023 20:56:27 GMT
Content-Type: application/json
Transfer-Encoding: chunked
Connection: keep-alive
Access-Control-Allow-Origin: *
Access-Control-Allow-Methods: GET, POST, DELETE, PUT
Access-Control-Allow-Headers: Content-Type, api_key, Authorization
Server: Jetty(9.2.9.v20150224)

{
    "code": 200,
    "type": "unknown",
    "message": "testeruser2"
}
]]></system-out>
  </testcase>
  <testcase name="testDeleteUserDD[testeruser3](3)" classname="api.test.DataDrivenTest" time="1.054">
    <system-out><![CDATA[HTTP/1.1 200 OK
Date: Wed, 12 Apr 2023 20:56:28 GMT
Content-Type: application/json
Transfer-Encoding: chunked
Connection: keep-alive
Access-Control-Allow-Origin: *
Access-Control-Allow-Methods: GET, POST, DELETE, PUT
Access-Control-Allow-Headers: Content-Type, api_key, Authorization
Server: Jetty(9.2.9.v20150224)

{
    "code": 200,
    "type": "unknown",
    "message": "testeruser3"
}
]]></system-out>
  </testcase>
  <testcase name="testDeleteUserDD[testeruser4](4)" classname="api.test.DataDrivenTest" time="1.069">
    <system-out><![CDATA[HTTP/1.1 200 OK
Date: Wed, 12 Apr 2023 20:56:29 GMT
Content-Type: application/json
Transfer-Encoding: chunked
Connection: keep-alive
Access-Control-Allow-Origin: *
Access-Control-Allow-Methods: GET, POST, DELETE, PUT
Access-Control-Allow-Headers: Content-Type, api_key, Authorization
Server: Jetty(9.2.9.v20150224)

{
    "code": 200,
    "type": "unknown",
    "message": "testeruser4"
}
]]></system-out>
  </testcase>
  <testcase name="testDeleteUserDD[testeruser5](5)" classname="api.test.DataDrivenTest" time="1.718">
    <system-out><![CDATA[HTTP/1.1 200 OK
Date: Wed, 12 Apr 2023 20:56:31 GMT
Content-Type: application/json
Transfer-Encoding: chunked
Connection: keep-alive
Access-Control-Allow-Origin: *
Access-Control-Allow-Methods: GET, POST, DELETE, PUT
Access-Control-Allow-Headers: Content-Type, api_key, Authorization
Server: Jetty(9.2.9.v20150224)

{
    "code": 200,
    "type": "unknown",
    "message": "testeruser5"
}
]]></system-out>
  </testcase>
  <testcase name="testDeleteUserDD[testeruser6](6)" classname="api.test.DataDrivenTest" time="1.061">
    <system-out><![CDATA[HTTP/1.1 200 OK
Date: Wed, 12 Apr 2023 20:56:32 GMT
Content-Type: application/json
Transfer-Encoding: chunked
Connection: keep-alive
Access-Control-Allow-Origin: *
Access-Control-Allow-Methods: GET, POST, DELETE, PUT
Access-Control-Allow-Headers: Content-Type, api_key, Authorization
Server: Jetty(9.2.9.v20150224)

{
    "code": 200,
    "type": "unknown",
    "message": "testeruser6"
}
]]></system-out>
  </testcase>
  <testcase name="testDeleteUserDD[testeruser7](7)" classname="api.test.DataDrivenTest" time="1.088">
    <system-out><![CDATA[HTTP/1.1 200 OK
Date: Wed, 12 Apr 2023 20:56:33 GMT
Content-Type: application/json
Transfer-Encoding: chunked
Connection: keep-alive
Access-Control-Allow-Origin: *
Access-Control-Allow-Methods: GET, POST, DELETE, PUT
Access-Control-Allow-Headers: Content-Type, api_key, Authorization
Server: Jetty(9.2.9.v20150224)

{
    "code": 200,
    "type": "unknown",
    "message": "testeruser7"
}
]]></system-out>
  </testcase>
  <testcase name="testDeleteUserDD[testeruser8](8)" classname="api.test.DataDrivenTest" time="1.087">
    <system-out><![CDATA[HTTP/1.1 200 OK
Date: Wed, 12 Apr 2023 20:56:34 GMT
Content-Type: application/json
Transfer-Encoding: chunked
Connection: keep-alive
Access-Control-Allow-Origin: *
Access-Control-Allow-Methods: GET, POST, DELETE, PUT
Access-Control-Allow-Headers: Content-Type, api_key, Authorization
Server: Jetty(9.2.9.v20150224)

{
    "code": 200,
    "type": "unknown",
    "message": "testeruser8"
}
]]></system-out>
  </testcase>
  <testcase name="testDeleteUserDD[testeruser9](9)" classname="api.test.DataDrivenTest" time="1.066">
    <system-out><![CDATA[HTTP/1.1 200 OK
Date: Wed, 12 Apr 2023 20:56:35 GMT
Content-Type: application/json
Transfer-Encoding: chunked
Connection: keep-alive
Access-Control-Allow-Origin: *
Access-Control-Allow-Methods: GET, POST, DELETE, PUT
Access-Control-Allow-Headers: Content-Type, api_key, Authorization
Server: Jetty(9.2.9.v20150224)

{
    "code": 200,
    "type": "unknown",
    "message": "testeruser9"
}
]]></system-out>
  </testcase>
  <testcase name="testPostUserDD[1001, testeruser1, John, lastname1, a@gmail.com, 1234567, test@1](1)" classname="api.test.DataDrivenTest" time="2.071">
    <system-out><![CDATA[path C:\Users\DELL\eclipse-workspace\RestAPITestFramework1\testData\userTestData.xlsxHTTP/1.1 200 OK
Date: Wed, 12 Apr 2023 20:56:37 GMT
Content-Type: application/json
Transfer-Encoding: chunked
Connection: keep-alive
Access-Control-Allow-Origin: *
Access-Control-Allow-Methods: GET, POST, DELETE, PUT
Access-Control-Allow-Headers: Content-Type, api_key, Authorization
Server: Jetty(9.2.9.v20150224)

{
    "code": 200,
    "type": "unknown",
    "message": "2006395236"
}
HTTP/1.1 200 OK
Date: Wed, 12 Apr 2023 20:56:38 GMT
Content-Type: application/json
Transfer-Encoding: chunked
Connection: keep-alive
Access-Control-Allow-Origin: *
Access-Control-Allow-Methods: GET, POST, DELETE, PUT
Access-Control-Allow-Headers: Content-Type, api_key, Authorization
Server: Jetty(9.2.9.v20150224)

{
    "id": 1651503223,
    "username": "testeruser1",
    "firstName": "John",
    "lastName": "lastname1",
    "email": "a@gmail.com",
    "password": "test@1",
    "phone": "1234567",
    "userStatus": 0
}
]]></system-out>
  </testcase>
  <testcase name="testPostUserDD[1002, testeruser2, Kim, lastname2, b@gmail.com, 1234568, test@2](2)" classname="api.test.DataDrivenTest" time="2.121">
    <system-out><![CDATA[HTTP/1.1 200 OK
Date: Wed, 12 Apr 2023 20:56:39 GMT
Content-Type: application/json
Transfer-Encoding: chunked
Connection: keep-alive
Access-Control-Allow-Origin: *
Access-Control-Allow-Methods: GET, POST, DELETE, PUT
Access-Control-Allow-Headers: Content-Type, api_key, Authorization
Server: Jetty(9.2.9.v20150224)

{
    "code": 200,
    "type": "unknown",
    "message": "359591921"
}
HTTP/1.1 200 OK
Date: Wed, 12 Apr 2023 20:56:40 GMT
Content-Type: application/json
Transfer-Encoding: chunked
Connection: keep-alive
Access-Control-Allow-Origin: *
Access-Control-Allow-Methods: GET, POST, DELETE, PUT
Access-Control-Allow-Headers: Content-Type, api_key, Authorization
Server: Jetty(9.2.9.v20150224)

{
    "id": 436661284,
    "username": "testeruser2",
    "firstName": "Kim",
    "lastName": "lastname2",
    "email": "b@gmail.com",
    "password": "test@2",
    "phone": "1234568",
    "userStatus": 0
}
]]></system-out>
  </testcase>
  <testcase name="testPostUserDD[1003, testeruser3, Pam, lastname3, c@gmail.com, 1234569, test@3](3)" classname="api.test.DataDrivenTest" time="2.221">
    <system-out><![CDATA[HTTP/1.1 200 OK
Date: Wed, 12 Apr 2023 20:56:42 GMT
Content-Type: application/json
Transfer-Encoding: chunked
Connection: keep-alive
Access-Control-Allow-Origin: *
Access-Control-Allow-Methods: GET, POST, DELETE, PUT
Access-Control-Allow-Headers: Content-Type, api_key, Authorization
Server: Jetty(9.2.9.v20150224)

{
    "code": 200,
    "type": "unknown",
    "message": "192279540"
}
HTTP/1.1 200 OK
Date: Wed, 12 Apr 2023 20:56:43 GMT
Content-Type: application/json
Transfer-Encoding: chunked
Connection: keep-alive
Access-Control-Allow-Origin: *
Access-Control-Allow-Methods: GET, POST, DELETE, PUT
Access-Control-Allow-Headers: Content-Type, api_key, Authorization
Server: Jetty(9.2.9.v20150224)

{
    "id": 333890884,
    "username": "testeruser3",
    "firstName": "Pam",
    "lastName": "lastname3",
    "email": "c@gmail.com",
    "password": "test@3",
    "phone": "1234569",
    "userStatus": 0
}
]]></system-out>
  </testcase>
  <testcase name="testPostUserDD[1004, testeruser4, Raj, lastname4, d@gmail.com, 1234570, test@4](4)" classname="api.test.DataDrivenTest" time="2.17">
    <system-out><![CDATA[HTTP/1.1 200 OK
Date: Wed, 12 Apr 2023 20:56:44 GMT
Content-Type: application/json
Transfer-Encoding: chunked
Connection: keep-alive
Access-Control-Allow-Origin: *
Access-Control-Allow-Methods: GET, POST, DELETE, PUT
Access-Control-Allow-Headers: Content-Type, api_key, Authorization
Server: Jetty(9.2.9.v20150224)

{
    "code": 200,
    "type": "unknown",
    "message": "646559570"
}
HTTP/1.1 200 OK
Date: Wed, 12 Apr 2023 20:56:45 GMT
Content-Type: application/json
Transfer-Encoding: chunked
Connection: keep-alive
Access-Control-Allow-Origin: *
Access-Control-Allow-Methods: GET, POST, DELETE, PUT
Access-Control-Allow-Headers: Content-Type, api_key, Authorization
Server: Jetty(9.2.9.v20150224)

{
    "id": 413880637,
    "username": "testeruser4",
    "firstName": "Raj",
    "lastName": "lastname4",
    "email": "d@gmail.com",
    "password": "test@4",
    "phone": "1234570",
    "userStatus": 0
}
]]></system-out>
  </testcase>
  <testcase name="testPostUserDD[1005, testeruser5, Sheldon, lastname5, e@gmail.com, 1234571, test@5](5)" classname="api.test.DataDrivenTest" time="2.183">
    <system-out><![CDATA[HTTP/1.1 200 OK
Date: Wed, 12 Apr 2023 20:56:46 GMT
Content-Type: application/json
Transfer-Encoding: chunked
Connection: keep-alive
Access-Control-Allow-Origin: *
Access-Control-Allow-Methods: GET, POST, DELETE, PUT
Access-Control-Allow-Headers: Content-Type, api_key, Authorization
Server: Jetty(9.2.9.v20150224)

{
    "code": 200,
    "type": "unknown",
    "message": "246540392"
}
HTTP/1.1 200 OK
Date: Wed, 12 Apr 2023 20:56:47 GMT
Content-Type: application/json
Transfer-Encoding: chunked
Connection: keep-alive
Access-Control-Allow-Origin: *
Access-Control-Allow-Methods: GET, POST, DELETE, PUT
Access-Control-Allow-Headers: Content-Type, api_key, Authorization
Server: Jetty(9.2.9.v20150224)

{
    "id": 657412979,
    "username": "testeruser5",
    "firstName": "Sheldon",
    "lastName": "lastname5",
    "email": "e@gmail.com",
    "password": "test@5",
    "phone": "1234571",
    "userStatus": 0
}
]]></system-out>
  </testcase>
  <testcase name="testPostUserDD[1006, testeruser6, Chandler, lastname6, f@gmail.com, 1234572, test@6](6)" classname="api.test.DataDrivenTest" time="2.146">
    <system-out><![CDATA[HTTP/1.1 200 OK
Date: Wed, 12 Apr 2023 20:56:48 GMT
Content-Type: application/json
Transfer-Encoding: chunked
Connection: keep-alive
Access-Control-Allow-Origin: *
Access-Control-Allow-Methods: GET, POST, DELETE, PUT
Access-Control-Allow-Headers: Content-Type, api_key, Authorization
Server: Jetty(9.2.9.v20150224)

{
    "code": 200,
    "type": "unknown",
    "message": "901225247"
}
HTTP/1.1 200 OK
Date: Wed, 12 Apr 2023 20:56:49 GMT
Content-Type: application/json
Transfer-Encoding: chunked
Connection: keep-alive
Access-Control-Allow-Origin: *
Access-Control-Allow-Methods: GET, POST, DELETE, PUT
Access-Control-Allow-Headers: Content-Type, api_key, Authorization
Server: Jetty(9.2.9.v20150224)

{
    "id": 126142286,
    "username": "testeruser6",
    "firstName": "Chandler",
    "lastName": "lastname6",
    "email": "f@gmail.com",
    "password": "test@6",
    "phone": "1234572",
    "userStatus": 0
}
]]></system-out>
  </testcase>
  <testcase name="testPostUserDD[1007, testeruser7, Monica, lastname7, g@gmail.com, 1234573, test@7](7)" classname="api.test.DataDrivenTest" time="2.078">
    <system-out><![CDATA[HTTP/1.1 200 OK
Date: Wed, 12 Apr 2023 20:56:50 GMT
Content-Type: application/json
Transfer-Encoding: chunked
Connection: keep-alive
Access-Control-Allow-Origin: *
Access-Control-Allow-Methods: GET, POST, DELETE, PUT
Access-Control-Allow-Headers: Content-Type, api_key, Authorization
Server: Jetty(9.2.9.v20150224)

{
    "code": 200,
    "type": "unknown",
    "message": "999685353"
}
HTTP/1.1 200 OK
Date: Wed, 12 Apr 2023 20:56:51 GMT
Content-Type: application/json
Transfer-Encoding: chunked
Connection: keep-alive
Access-Control-Allow-Origin: *
Access-Control-Allow-Methods: GET, POST, DELETE, PUT
Access-Control-Allow-Headers: Content-Type, api_key, Authorization
Server: Jetty(9.2.9.v20150224)

{
    "id": 696327501,
    "username": "testeruser7",
    "firstName": "Monica",
    "lastName": "lastname7",
    "email": "g@gmail.com",
    "password": "test@7",
    "phone": "1234573",
    "userStatus": 0
}
]]></system-out>
  </testcase>
  <testcase name="testPostUserDD[1008, testeruser8, joey, lastname8, h@gmail.com, 1234574, test@8](8)" classname="api.test.DataDrivenTest" time="2.173">
    <system-out><![CDATA[HTTP/1.1 200 OK
Date: Wed, 12 Apr 2023 20:56:52 GMT
Content-Type: application/json
Transfer-Encoding: chunked
Connection: keep-alive
Access-Control-Allow-Origin: *
Access-Control-Allow-Methods: GET, POST, DELETE, PUT
Access-Control-Allow-Headers: Content-Type, api_key, Authorization
Server: Jetty(9.2.9.v20150224)

{
    "code": 200,
    "type": "unknown",
    "message": "66135670"
}
HTTP/1.1 200 OK
Date: Wed, 12 Apr 2023 20:56:53 GMT
Content-Type: application/json
Transfer-Encoding: chunked
Connection: keep-alive
Access-Control-Allow-Origin: *
Access-Control-Allow-Methods: GET, POST, DELETE, PUT
Access-Control-Allow-Headers: Content-Type, api_key, Authorization
Server: Jetty(9.2.9.v20150224)

{
    "id": 1335794721,
    "username": "testeruser8",
    "firstName": "joey",
    "lastName": "lastname8",
    "email": "h@gmail.com",
    "password": "test@8",
    "phone": "1234574",
    "userStatus": 0
}
]]></system-out>
  </testcase>
  <testcase name="testPostUserDD[1009, testeruser9, phoebe, lastname9, i@gmail.com, 1234575, test@9](9)" classname="api.test.DataDrivenTest" time="2.156">
    <system-out><![CDATA[HTTP/1.1 200 OK
Date: Wed, 12 Apr 2023 20:56:55 GMT
Content-Type: application/json
Transfer-Encoding: chunked
Connection: keep-alive
Access-Control-Allow-Origin: *
Access-Control-Allow-Methods: GET, POST, DELETE, PUT
Access-Control-Allow-Headers: Content-Type, api_key, Authorization
Server: Jetty(9.2.9.v20150224)

{
    "code": 200,
    "type": "unknown",
    "message": "1523475985"
}
HTTP/1.1 200 OK
Date: Wed, 12 Apr 2023 20:56:56 GMT
Content-Type: application/json
Transfer-Encoding: chunked
Connection: keep-alive
Access-Control-Allow-Origin: *
Access-Control-Allow-Methods: GET, POST, DELETE, PUT
Access-Control-Allow-Headers: Content-Type, api_key, Authorization
Server: Jetty(9.2.9.v20150224)

{
    "id": 1523475985,
    "username": "testeruser9",
    "firstName": "phoebe",
    "lastName": "lastname9",
    "email": "i@gmail.com",
    "password": "test@9",
    "phone": "1234575",
    "userStatus": 0
}
]]></system-out>
  </testcase>
</testsuite>