<?xml version="1.0" encoding="UTF-8"?>
<!-- Generated by org.testng.reporters.JUnitReportReporter -->
<testsuite hostname="DESKTOP-SRNFPC7" failures="0" tests="18" name="api.test.DataDrivenTest" time="29.895" errors="0" timestamp="2023-04-13T02:05:11 IST" skipped="0">
  <testcase classname="api.test.DataDrivenTest" name="testDeleteUserDD" time="1.078"/>
  <system-out/>
  <testcase classname="api.test.DataDrivenTest" name="testPostUserDD" time="2.193"/>
  <system-out/>
  <testcase classname="api.test.DataDrivenTest" name="testPostUserDD" time="2.111"/>
  <system-out/>
  <testcase classname="api.test.DataDrivenTest" name="testDeleteUserDD" time="1.056"/>
  <system-out/>
  <testcase classname="api.test.DataDrivenTest" name="testPostUserDD" time="2.149"/>
  <system-out/>
  <testcase classname="api.test.DataDrivenTest" name="testDeleteUserDD" time="1.109"/>
  <system-out/>
  <testcase classname="api.test.DataDrivenTest" name="testDeleteUserDD" time="1.068"/>
  <system-out/>
  <testcase classname="api.test.DataDrivenTest" name="testPostUserDD" time="2.195"/>
  <system-out/>
  <testcase classname="api.test.DataDrivenTest" name="testDeleteUserDD" time="1.026"/>
  <system-out/>
  <testcase classname="api.test.DataDrivenTest" name="testPostUserDD" time="2.279"/>
  <system-out/>
  <testcase classname="api.test.DataDrivenTest" name="testDeleteUserDD" time="1.159"/>
  <system-out/>
  <testcase classname="api.test.DataDrivenTest" name="testDeleteUserDD" time="1.125"/>
  <system-out/>
  <testcase classname="api.test.DataDrivenTest" name="testPostUserDD" time="2.269"/>
  <system-out/>
  <testcase classname="api.test.DataDrivenTest" name="testPostUserDD" time="2.561"/>
  <system-out/>
  <testcase classname="api.test.DataDrivenTest" name="testPostUserDD" time="2.146"/>
  <system-out/>
  <testcase classname="api.test.DataDrivenTest" name="testDeleteUserDD" time="1.073"/>
  <system-out/>
  <testcase classname="api.test.DataDrivenTest" name="testPostUserDD" time="2.179"/>
  <system-out/>
  <testcase classname="api.test.DataDrivenTest" name="testDeleteUserDD" time="1.119"/>
  <system-out/>
</testsuite> <!-- api.test.DataDrivenTest -->
