<?xml version="1.0" encoding="UTF-8"?>
<!-- Generated by org.testng.reporters.JUnitReportReporter -->
<testsuite hostname="DESKTOP-SRNFPC7" failures="0" tests="4" name="api.test.UserTestPropertiesFile" time="8.691" errors="0" timestamp="2023-04-13T01:52:11 IST" skipped="0">
  <testcase classname="api.test.UserTestPropertiesFile" name="testPostUser" time="4.419"/>
  <system-out/>
  <testcase classname="api.test.UserTestPropertiesFile" name="testGetUser" time="1.100"/>
  <system-out/>
  <testcase classname="api.test.UserTestPropertiesFile" name="testPutUser" time="2.133"/>
  <system-out/>
  <testcase classname="api.test.UserTestPropertiesFile" name="testDeleteUser" time="1.039"/>
  <system-out/>
</testsuite> <!-- api.test.UserTestPropertiesFile -->
