<?xml version="1.0" encoding="UTF-8"?>
<!-- Generated by org.testng.reporters.JUnitReportReporter -->
<testsuite hostname="DESKTOP-SRNFPC7" failures="0" tests="4" name="api.test.UserTest" time="7.788" errors="0" timestamp="2023-04-13T02:05:11 IST" skipped="0">
  <testcase classname="api.test.UserTest" name="testPostUser" time="3.492"/>
  <system-out/>
  <testcase classname="api.test.UserTest" name="testGetUser" time="1.125"/>
  <system-out/>
  <testcase classname="api.test.UserTest" name="testPutUser" time="2.122"/>
  <system-out/>
  <testcase classname="api.test.UserTest" name="testDeleteUser" time="1.049"/>
  <system-out/>
</testsuite> <!-- api.test.UserTest -->
