<?xml version="1.0" encoding="UTF-8"?>
<!-- Generated by org.testng.reporters.JUnitReportReporter -->
<testsuite hostname="DESKTOP-SRNFPC7" failures="0" tests="18" name="api.test.DataDrivenTest" time="28.840" errors="0" timestamp="2023-04-13T04:59:36 IST" skipped="0">
  <testcase classname="api.test.DataDrivenTest" name="testDeleteUserDD" time="1.084"/>
  <system-out/>
  <testcase classname="api.test.DataDrivenTest" name="testDeleteUserDD" time="1.060"/>
  <system-out/>
  <testcase classname="api.test.DataDrivenTest" name="testDeleteUserDD" time="1.051"/>
  <system-out/>
  <testcase classname="api.test.DataDrivenTest" name="testPostUserDD" time="2.113"/>
  <system-out/>
  <testcase classname="api.test.DataDrivenTest" name="testDeleteUserDD" time="1.069"/>
  <system-out/>
  <testcase classname="api.test.DataDrivenTest" name="testPostUserDD" time="2.143"/>
  <system-out/>
  <testcase classname="api.test.DataDrivenTest" name="testPostUserDD" time="2.094"/>
  <system-out/>
  <testcase classname="api.test.DataDrivenTest" name="testPostUserDD" time="2.194"/>
  <system-out/>
  <testcase classname="api.test.DataDrivenTest" name="testPostUserDD" time="2.188"/>
  <system-out/>
  <testcase classname="api.test.DataDrivenTest" name="testPostUserDD" time="2.079"/>
  <system-out/>
  <testcase classname="api.test.DataDrivenTest" name="testDeleteUserDD" time="1.068"/>
  <system-out/>
  <testcase classname="api.test.DataDrivenTest" name="testDeleteUserDD" time="1.153"/>
  <system-out/>
  <testcase classname="api.test.DataDrivenTest" name="testDeleteUserDD" time="1.037"/>
  <system-out/>
  <testcase classname="api.test.DataDrivenTest" name="testPostUserDD" time="2.118"/>
  <system-out/>
  <testcase classname="api.test.DataDrivenTest" name="testPostUserDD" time="2.138"/>
  <system-out/>
  <testcase classname="api.test.DataDrivenTest" name="testDeleteUserDD" time="1.060"/>
  <system-out/>
  <testcase classname="api.test.DataDrivenTest" name="testPostUserDD" time="2.106"/>
  <system-out/>
  <testcase classname="api.test.DataDrivenTest" name="testDeleteUserDD" time="1.085"/>
  <system-out/>
</testsuite> <!-- api.test.DataDrivenTest -->
