<?xml version="1.0" encoding="UTF-8"?>
<!-- Generated by org.testng.reporters.JUnitReportReporter -->
<testsuite hostname="DESKTOP-SRNFPC7" failures="0" tests="18" name="api.test.DataDrivenTest" time="29.654" errors="0" timestamp="2023-04-13T02:26:56 IST" skipped="0">
  <testcase classname="api.test.DataDrivenTest" name="testDeleteUserDD" time="1.051"/>
  <system-out/>
  <testcase classname="api.test.DataDrivenTest" name="testDeleteUserDD" time="1.067"/>
  <system-out/>
  <testcase classname="api.test.DataDrivenTest" name="testDeleteUserDD" time="1.088"/>
  <system-out/>
  <testcase classname="api.test.DataDrivenTest" name="testPostUserDD" time="2.144"/>
  <system-out/>
  <testcase classname="api.test.DataDrivenTest" name="testPostUserDD" time="2.080"/>
  <system-out/>
  <testcase classname="api.test.DataDrivenTest" name="testPostUserDD" time="2.165"/>
  <system-out/>
  <testcase classname="api.test.DataDrivenTest" name="testPostUserDD" time="2.225"/>
  <system-out/>
  <testcase classname="api.test.DataDrivenTest" name="testDeleteUserDD" time="1.084"/>
  <system-out/>
  <testcase classname="api.test.DataDrivenTest" name="testPostUserDD" time="2.062"/>
  <system-out/>
  <testcase classname="api.test.DataDrivenTest" name="testPostUserDD" time="2.118"/>
  <system-out/>
  <testcase classname="api.test.DataDrivenTest" name="testDeleteUserDD" time="1.123"/>
  <system-out/>
  <testcase classname="api.test.DataDrivenTest" name="testPostUserDD" time="2.157"/>
  <system-out/>
  <testcase classname="api.test.DataDrivenTest" name="testPostUserDD" time="2.185"/>
  <system-out/>
  <testcase classname="api.test.DataDrivenTest" name="testDeleteUserDD" time="1.088"/>
  <system-out/>
  <testcase classname="api.test.DataDrivenTest" name="testDeleteUserDD" time="1.060"/>
  <system-out/>
  <testcase classname="api.test.DataDrivenTest" name="testDeleteUserDD" time="1.069"/>
  <system-out/>
  <testcase classname="api.test.DataDrivenTest" name="testPostUserDD" time="2.171"/>
  <system-out/>
  <testcase classname="api.test.DataDrivenTest" name="testDeleteUserDD" time="1.717"/>
  <system-out/>
</testsuite> <!-- api.test.DataDrivenTest -->
